#
# There is insufficient memory for the Java Runtime Environment to continue.
# Native memory allocation (malloc) failed to allocate 34240 bytes for Chunk::new
# Possible reasons:
#   The system is out of physical RAM or swap space
#   The process is running with CompressedOops enabled, and the Java Heap may be blocking the growth of the native heap
# Possible solutions:
#   Reduce memory load on the system
#   Increase physical memory or swap space
#   Check if swap backing store is full
#   Decrease Java heap size (-Xmx/-Xms)
#   Decrease number of Java threads
#   Decrease Java thread stack sizes (-Xss)
#   Set larger code cache with -XX:ReservedCodeCacheSize=
#   JVM is running with Unscaled Compressed Oops mode in which the Java heap is
#     placed in the first 4GB address space. The Java Heap base address is the
#     maximum limit for the native heap growth. Please use -XX:HeapBaseMinAddress
#     to set the Java Heap base and to place the Java Heap above 4GB virtual address.
# This output file may be truncated or incomplete.
#
#  Out of Memory Error (./src/hotspot/share/memory/arena.cpp:197), pid=5780, tid=14964
#
# JRE version: OpenJDK Runtime Environment (11.0.8+10) (build 11.0.8+10-b944.6842174)
# Java VM: OpenJDK 64-Bit Server VM (11.0.8+10-b944.6842174, mixed mode, tiered, compressed oops, g1 gc, windows-amd64)
# No core dump will be written. Minidumps are not enabled by default on client versions of Windows
#

---------------  S U M M A R Y ------------

Command Line: -Dorg.gradle.appname=gradlew org.gradle.wrapper.GradleWrapperMain -q -Ptarget-platform=android-arm -Ptarget=C:\GMITS\live\mightynews\lib\main.dart -Pdart-defines=Zmx1dHRlci5pbnNwZWN0b3Iuc3RydWN0dXJlZEVycm9ycz10cnVl,RkxVVFRFUl9XRUJfQVVUT19ERVRFQ1Q9dHJ1ZQ== -Pdart-obfuscation=false -Ptrack-widget-creation=true -Ptree-shake-icons=false -Pfilesystem-scheme=org-dartlang-root assembleDebug

Host: Intel(R) Pentium(R) CPU G3240 @ 3.10GHz, 2 cores, 5G,  Windows 10 , 64 bit Build 19041 (10.0.19041.1023)
Time: Fri Jul 16 16:04:27 2021 India Standard Time elapsed time: 11 seconds (0d 0h 0m 11s)

---------------  T H R E A D  ---------------

Current thread (0x0000021162706000):  JavaThread "C2 CompilerThread0" daemon [_thread_in_native, id=14964, stack(0x0000009c15c00000,0x0000009c15d00000)]


Current CompileTask:
C2:  11640 1190       4       java.util.HashMap::put (13 bytes)

Stack: [0x0000009c15c00000,0x0000009c15d00000]
Native frames: (J=compiled Java code, j=interpreted, Vv=VM code, C=native code)
V  [jvm.dll+0x5de50a]
V  [jvm.dll+0x7122f5]
V  [jvm.dll+0x71384d]
V  [jvm.dll+0x713f03]
V  [jvm.dll+0x23e728]
V  [jvm.dll+0xb899c]
V  [jvm.dll+0xb8e9c]
V  [jvm.dll+0x502051]
V  [jvm.dll+0x1f8cde]
V  [jvm.dll+0x1f685f]
V  [jvm.dll+0x17f32c]
V  [jvm.dll+0x205047]
V  [jvm.dll+0x203891]
V  [jvm.dll+0x6dad3f]
V  [jvm.dll+0x6d3895]
V  [jvm.dll+0x5dd4a6]
C  [ucrtbase.dll+0x21bb2]
C  [KERNEL32.DLL+0x17034]
C  [ntdll.dll+0x52651]


---------------  P R O C E S S  ---------------

Threads class SMR info:
_java_thread_list=0x0000021163231630, length=13, elements={
0x0000021149d9b800, 0x00000211626e1000, 0x00000211626e4000, 0x00000211630a3800,
0x0000021162703000, 0x0000021162706000, 0x000002116275d000, 0x000002116275e000,
0x000002116319b800, 0x00000211631a6000, 0x0000021163a1c800, 0x000002116383e800,
0x0000021163851800
}

Java Threads: ( => current thread )
  0x0000021149d9b800 JavaThread "main" [_thread_blocked, id=15096, stack(0x0000009c15000000,0x0000009c15100000)]
  0x00000211626e1000 JavaThread "Reference Handler" daemon [_thread_blocked, id=14996, stack(0x0000009c15800000,0x0000009c15900000)]
  0x00000211626e4000 JavaThread "Finalizer" daemon [_thread_blocked, id=14988, stack(0x0000009c15900000,0x0000009c15a00000)]
  0x00000211630a3800 JavaThread "Signal Dispatcher" daemon [_thread_blocked, id=14984, stack(0x0000009c15a00000,0x0000009c15b00000)]
  0x0000021162703000 JavaThread "Attach Listener" daemon [_thread_blocked, id=14936, stack(0x0000009c15b00000,0x0000009c15c00000)]
=>0x0000021162706000 JavaThread "C2 CompilerThread0" daemon [_thread_in_native, id=14964, stack(0x0000009c15c00000,0x0000009c15d00000)]
  0x000002116275d000 JavaThread "C1 CompilerThread0" daemon [_thread_blocked, id=14980, stack(0x0000009c15d00000,0x0000009c15e00000)]
  0x000002116275e000 JavaThread "Sweeper thread" daemon [_thread_blocked, id=14976, stack(0x0000009c15e00000,0x0000009c15f00000)]
  0x000002116319b800 JavaThread "Service Thread" daemon [_thread_blocked, id=14968, stack(0x0000009c15f00000,0x0000009c16000000)]
  0x00000211631a6000 JavaThread "Common-Cleaner" daemon [_thread_blocked, id=14956, stack(0x0000009c16100000,0x0000009c16200000)]
  0x0000021163a1c800 JavaThread "pool-1-thread-1" [_thread_blocked, id=15148, stack(0x0000009c16300000,0x0000009c16400000)]
  0x000002116383e800 JavaThread "Exec process" [_thread_in_vm, id=14356, stack(0x0000009c16600000,0x0000009c16700000)]
  0x0000021163851800 JavaThread "Exec process Thread 2" [_thread_blocked, id=15328, stack(0x0000009c16700000,0x0000009c16800000)]

Other Threads:
  0x00000211626dc000 VMThread "VM Thread" [stack: 0x0000009c15700000,0x0000009c15800000] [id=15008]
  0x000002116319d000 WatcherThread [stack: 0x0000009c16000000,0x0000009c16100000] [id=14972]
  0x0000021149db2800 GCTaskThread "GC Thread#0" [stack: 0x0000009c15200000,0x0000009c15300000] [id=15116]
  0x00000211633bb800 GCTaskThread "GC Thread#1" [stack: 0x0000009c16200000,0x0000009c16300000] [id=15160]
  0x0000021149dd7800 ConcurrentGCThread "G1 Main Marker" [stack: 0x0000009c15300000,0x0000009c15400000] [id=15016]
  0x0000021149dda000 ConcurrentGCThread "G1 Conc#0" [stack: 0x0000009c15400000,0x0000009c15500000] [id=15108]
  0x0000021149e41800 ConcurrentGCThread "G1 Refine#0" [stack: 0x0000009c15500000,0x0000009c15600000] [id=15012]
  0x0000021149e42800 ConcurrentGCThread "G1 Young RemSet Sampling" [stack: 0x0000009c15600000,0x0000009c15700000] [id=15112]

Threads with active compile tasks:
C2 CompilerThread0  11669 1190       4       java.util.HashMap::put (13 bytes)

VM state:not at safepoint (normal execution)

VM Mutex/Monitor currently owned by a thread: None

Heap address: 0x00000000a1e00000, size: 1506 MB, Compressed Oops mode: 32-bit
Narrow klass base: 0x0000000000000000, Narrow klass shift: 3
Compressed class space size: 1073741824 Address: 0x0000000100000000

Heap:
 garbage-first heap   total 98304K, used 37308K [0x00000000a1e00000, 0x0000000100000000)
  region size 1024K, 32 young (32768K), 1 survivors (1024K)
 Metaspace       used 14806K, capacity 15065K, committed 15104K, reserved 1062912K
  class space    used 1686K, capacity 1772K, committed 1792K, reserved 1048576K
Heap Regions: E=young(eden), S=young(survivor), O=old, HS=humongous(starts), HC=humongous(continues), CS=collection set, F=free, A=archive, TAMS=top-at-mark-start (previous, next)
|   0|0x00000000a1e00000, 0x00000000a1e6f200, 0x00000000a1f00000| 43%| O|  |TAMS 0x00000000a1e00000, 0x00000000a1e00000| Untracked 
|   1|0x00000000a1f00000, 0x00000000a2000000, 0x00000000a2000000|100%|HS|  |TAMS 0x00000000a1f00000, 0x00000000a1f00000| Complete 
|   2|0x00000000a2000000, 0x00000000a2100000, 0x00000000a2100000|100%|HC|  |TAMS 0x00000000a2000000, 0x00000000a2000000| Complete 
|   3|0x00000000a2100000, 0x00000000a2200000, 0x00000000a2200000|100%|HC|  |TAMS 0x00000000a2100000, 0x00000000a2100000| Complete 
|   4|0x00000000a2200000, 0x00000000a2300000, 0x00000000a2300000|100%|HS|  |TAMS 0x00000000a2200000, 0x00000000a2200000| Complete 
|   5|0x00000000a2300000, 0x00000000a2400000, 0x00000000a2400000|100%|HC|  |TAMS 0x00000000a2300000, 0x00000000a2300000| Complete 
|   6|0x00000000a2400000, 0x00000000a2500000, 0x00000000a2500000|100%|HC|  |TAMS 0x00000000a2400000, 0x00000000a2400000| Complete 
|   7|0x00000000a2500000, 0x00000000a2500000, 0x00000000a2600000|  0%| F|  |TAMS 0x00000000a2500000, 0x00000000a2500000| Untracked 
|   8|0x00000000a2600000, 0x00000000a2600000, 0x00000000a2700000|  0%| F|  |TAMS 0x00000000a2600000, 0x00000000a2600000| Untracked 
|   9|0x00000000a2700000, 0x00000000a2700000, 0x00000000a2800000|  0%| F|  |TAMS 0x00000000a2700000, 0x00000000a2700000| Untracked 
|  10|0x00000000a2800000, 0x00000000a2800000, 0x00000000a2900000|  0%| F|  |TAMS 0x00000000a2800000, 0x00000000a2800000| Untracked 
|  11|0x00000000a2900000, 0x00000000a2900000, 0x00000000a2a00000|  0%| F|  |TAMS 0x00000000a2900000, 0x00000000a2900000| Untracked 
|  12|0x00000000a2a00000, 0x00000000a2a00000, 0x00000000a2b00000|  0%| F|  |TAMS 0x00000000a2a00000, 0x00000000a2a00000| Untracked 
|  13|0x00000000a2b00000, 0x00000000a2b00000, 0x00000000a2c00000|  0%| F|  |TAMS 0x00000000a2b00000, 0x00000000a2b00000| Untracked 
|  14|0x00000000a2c00000, 0x00000000a2c00000, 0x00000000a2d00000|  0%| F|  |TAMS 0x00000000a2c00000, 0x00000000a2c00000| Untracked 
|  15|0x00000000a2d00000, 0x00000000a2d00000, 0x00000000a2e00000|  0%| F|  |TAMS 0x00000000a2d00000, 0x00000000a2d00000| Untracked 
|  16|0x00000000a2e00000, 0x00000000a2e00000, 0x00000000a2f00000|  0%| F|  |TAMS 0x00000000a2e00000, 0x00000000a2e00000| Untracked 
|  17|0x00000000a2f00000, 0x00000000a2f00000, 0x00000000a3000000|  0%| F|  |TAMS 0x00000000a2f00000, 0x00000000a2f00000| Untracked 
|  18|0x00000000a3000000, 0x00000000a3000000, 0x00000000a3100000|  0%| F|  |TAMS 0x00000000a3000000, 0x00000000a3000000| Untracked 
|  19|0x00000000a3100000, 0x00000000a3100000, 0x00000000a3200000|  0%| F|  |TAMS 0x00000000a3100000, 0x00000000a3100000| Untracked 
|  20|0x00000000a3200000, 0x00000000a3200000, 0x00000000a3300000|  0%| F|  |TAMS 0x00000000a3200000, 0x00000000a3200000| Untracked 
|  21|0x00000000a3300000, 0x00000000a3300000, 0x00000000a3400000|  0%| F|  |TAMS 0x00000000a3300000, 0x00000000a3300000| Untracked 
|  22|0x00000000a3400000, 0x00000000a3400000, 0x00000000a3500000|  0%| F|  |TAMS 0x00000000a3400000, 0x00000000a3400000| Untracked 
|  23|0x00000000a3500000, 0x00000000a3500000, 0x00000000a3600000|  0%| F|  |TAMS 0x00000000a3500000, 0x00000000a3500000| Untracked 
|  24|0x00000000a3600000, 0x00000000a3600000, 0x00000000a3700000|  0%| F|  |TAMS 0x00000000a3600000, 0x00000000a3600000| Untracked 
|  25|0x00000000a3700000, 0x00000000a3700000, 0x00000000a3800000|  0%| F|  |TAMS 0x00000000a3700000, 0x00000000a3700000| Untracked 
|  26|0x00000000a3800000, 0x00000000a3800000, 0x00000000a3900000|  0%| F|  |TAMS 0x00000000a3800000, 0x00000000a3800000| Untracked 
|  27|0x00000000a3900000, 0x00000000a3900000, 0x00000000a3a00000|  0%| F|  |TAMS 0x00000000a3900000, 0x00000000a3900000| Untracked 
|  28|0x00000000a3a00000, 0x00000000a3a00000, 0x00000000a3b00000|  0%| F|  |TAMS 0x00000000a3a00000, 0x00000000a3a00000| Untracked 
|  29|0x00000000a3b00000, 0x00000000a3b00000, 0x00000000a3c00000|  0%| F|  |TAMS 0x00000000a3b00000, 0x00000000a3b00000| Untracked 
|  30|0x00000000a3c00000, 0x00000000a3c00000, 0x00000000a3d00000|  0%| F|  |TAMS 0x00000000a3c00000, 0x00000000a3c00000| Untracked 
|  31|0x00000000a3d00000, 0x00000000a3d00000, 0x00000000a3e00000|  0%| F|  |TAMS 0x00000000a3d00000, 0x00000000a3d00000| Untracked 
|  32|0x00000000a3e00000, 0x00000000a3e00000, 0x00000000a3f00000|  0%| F|  |TAMS 0x00000000a3e00000, 0x00000000a3e00000| Untracked 
|  33|0x00000000a3f00000, 0x00000000a3f00000, 0x00000000a4000000|  0%| F|  |TAMS 0x00000000a3f00000, 0x00000000a3f00000| Untracked 
|  34|0x00000000a4000000, 0x00000000a4000000, 0x00000000a4100000|  0%| F|  |TAMS 0x00000000a4000000, 0x00000000a4000000| Untracked 
|  35|0x00000000a4100000, 0x00000000a4100000, 0x00000000a4200000|  0%| F|  |TAMS 0x00000000a4100000, 0x00000000a4100000| Untracked 
|  36|0x00000000a4200000, 0x00000000a4200000, 0x00000000a4300000|  0%| F|  |TAMS 0x00000000a4200000, 0x00000000a4200000| Untracked 
|  37|0x00000000a4300000, 0x00000000a4300000, 0x00000000a4400000|  0%| F|  |TAMS 0x00000000a4300000, 0x00000000a4300000| Untracked 
|  38|0x00000000a4400000, 0x00000000a4400000, 0x00000000a4500000|  0%| F|  |TAMS 0x00000000a4400000, 0x00000000a4400000| Untracked 
|  39|0x00000000a4500000, 0x00000000a4500000, 0x00000000a4600000|  0%| F|  |TAMS 0x00000000a4500000, 0x00000000a4500000| Untracked 
|  40|0x00000000a4600000, 0x00000000a4600000, 0x00000000a4700000|  0%| F|  |TAMS 0x00000000a4600000, 0x00000000a4600000| Untracked 
|  41|0x00000000a4700000, 0x00000000a4700000, 0x00000000a4800000|  0%| F|  |TAMS 0x00000000a4700000, 0x00000000a4700000| Untracked 
|  42|0x00000000a4800000, 0x00000000a4800000, 0x00000000a4900000|  0%| F|  |TAMS 0x00000000a4800000, 0x00000000a4800000| Untracked 
|  43|0x00000000a4900000, 0x00000000a4900000, 0x00000000a4a00000|  0%| F|  |TAMS 0x00000000a4900000, 0x00000000a4900000| Untracked 
|  44|0x00000000a4a00000, 0x00000000a4a00000, 0x00000000a4b00000|  0%| F|  |TAMS 0x00000000a4a00000, 0x00000000a4a00000| Untracked 
|  45|0x00000000a4b00000, 0x00000000a4b00000, 0x00000000a4c00000|  0%| F|  |TAMS 0x00000000a4b00000, 0x00000000a4b00000| Untracked 
|  46|0x00000000a4c00000, 0x00000000a4c00000, 0x00000000a4d00000|  0%| F|  |TAMS 0x00000000a4c00000, 0x00000000a4c00000| Untracked 
|  47|0x00000000a4d00000, 0x00000000a4d00000, 0x00000000a4e00000|  0%| F|  |TAMS 0x00000000a4d00000, 0x00000000a4d00000| Untracked 
|  48|0x00000000a4e00000, 0x00000000a4e00000, 0x00000000a4f00000|  0%| F|  |TAMS 0x00000000a4e00000, 0x00000000a4e00000| Untracked 
|  49|0x00000000a4f00000, 0x00000000a4f00000, 0x00000000a5000000|  0%| F|  |TAMS 0x00000000a4f00000, 0x00000000a4f00000| Untracked 
|  50|0x00000000a5000000, 0x00000000a5000000, 0x00000000a5100000|  0%| F|  |TAMS 0x00000000a5000000, 0x00000000a5000000| Untracked 
|  51|0x00000000a5100000, 0x00000000a5100000, 0x00000000a5200000|  0%| F|  |TAMS 0x00000000a5100000, 0x00000000a5100000| Untracked 
|  52|0x00000000a5200000, 0x00000000a5200000, 0x00000000a5300000|  0%| F|  |TAMS 0x00000000a5200000, 0x00000000a5200000| Untracked 
|  53|0x00000000a5300000, 0x00000000a5300000, 0x00000000a5400000|  0%| F|  |TAMS 0x00000000a5300000, 0x00000000a5300000| Untracked 
|  54|0x00000000a5400000, 0x00000000a5400000, 0x00000000a5500000|  0%| F|  |TAMS 0x00000000a5400000, 0x00000000a5400000| Untracked 
|  55|0x00000000a5500000, 0x00000000a5500000, 0x00000000a5600000|  0%| F|  |TAMS 0x00000000a5500000, 0x00000000a5500000| Untracked 
|  56|0x00000000a5600000, 0x00000000a5600000, 0x00000000a5700000|  0%| F|  |TAMS 0x00000000a5600000, 0x00000000a5600000| Untracked 
|  57|0x00000000a5700000, 0x00000000a5700000, 0x00000000a5800000|  0%| F|  |TAMS 0x00000000a5700000, 0x00000000a5700000| Untracked 
|  58|0x00000000a5800000, 0x00000000a5800000, 0x00000000a5900000|  0%| F|  |TAMS 0x00000000a5800000, 0x00000000a5800000| Untracked 
|  59|0x00000000a5900000, 0x00000000a5900000, 0x00000000a5a00000|  0%| F|  |TAMS 0x00000000a5900000, 0x00000000a5900000| Untracked 
|  60|0x00000000a5a00000, 0x00000000a5a00000, 0x00000000a5b00000|  0%| F|  |TAMS 0x00000000a5a00000, 0x00000000a5a00000| Untracked 
|  61|0x00000000a5b00000, 0x00000000a5b00000, 0x00000000a5c00000|  0%| F|  |TAMS 0x00000000a5b00000, 0x00000000a5b00000| Untracked 
|  62|0x00000000a5c00000, 0x00000000a5c00000, 0x00000000a5d00000|  0%| F|  |TAMS 0x00000000a5c00000, 0x00000000a5c00000| Untracked 
|  63|0x00000000a5d00000, 0x00000000a5d00000, 0x00000000a5e00000|  0%| F|  |TAMS 0x00000000a5d00000, 0x00000000a5d00000| Untracked 
|  64|0x00000000a5e00000, 0x00000000a5f00000, 0x00000000a5f00000|100%| E|  |TAMS 0x00000000a5e00000, 0x00000000a5e00000| Complete 
|  65|0x00000000a5f00000, 0x00000000a6000000, 0x00000000a6000000|100%| E|CS|TAMS 0x00000000a5f00000, 0x00000000a5f00000| Complete 
|  66|0x00000000a6000000, 0x00000000a6100000, 0x00000000a6100000|100%| E|CS|TAMS 0x00000000a6000000, 0x00000000a6000000| Complete 
|  67|0x00000000a6100000, 0x00000000a6200000, 0x00000000a6200000|100%| E|CS|TAMS 0x00000000a6100000, 0x00000000a6100000| Complete 
|  68|0x00000000a6200000, 0x00000000a6300000, 0x00000000a6300000|100%| E|CS|TAMS 0x00000000a6200000, 0x00000000a6200000| Complete 
|  69|0x00000000a6300000, 0x00000000a6400000, 0x00000000a6400000|100%| E|CS|TAMS 0x00000000a6300000, 0x00000000a6300000| Complete 
|  70|0x00000000a6400000, 0x00000000a6500000, 0x00000000a6500000|100%| E|CS|TAMS 0x00000000a6400000, 0x00000000a6400000| Complete 
|  71|0x00000000a6500000, 0x00000000a6600000, 0x00000000a6600000|100%| E|CS|TAMS 0x00000000a6500000, 0x00000000a6500000| Complete 
|  72|0x00000000a6600000, 0x00000000a6700000, 0x00000000a6700000|100%| E|CS|TAMS 0x00000000a6600000, 0x00000000a6600000| Complete 
|  73|0x00000000a6700000, 0x00000000a6800000, 0x00000000a6800000|100%| E|CS|TAMS 0x00000000a6700000, 0x00000000a6700000| Complete 
|  74|0x00000000a6800000, 0x00000000a6900000, 0x00000000a6900000|100%| E|CS|TAMS 0x00000000a6800000, 0x00000000a6800000| Complete 
|  75|0x00000000a6900000, 0x00000000a6a00000, 0x00000000a6a00000|100%| E|CS|TAMS 0x00000000a6900000, 0x00000000a6900000| Complete 
|  76|0x00000000a6a00000, 0x00000000a6b00000, 0x00000000a6b00000|100%| E|CS|TAMS 0x00000000a6a00000, 0x00000000a6a00000| Complete 
|  77|0x00000000a6b00000, 0x00000000a6c00000, 0x00000000a6c00000|100%| E|CS|TAMS 0x00000000a6b00000, 0x00000000a6b00000| Complete 
|  78|0x00000000a6c00000, 0x00000000a6d00000, 0x00000000a6d00000|100%| E|CS|TAMS 0x00000000a6c00000, 0x00000000a6c00000| Complete 
|  79|0x00000000a6d00000, 0x00000000a6e00000, 0x00000000a6e00000|100%| E|CS|TAMS 0x00000000a6d00000, 0x00000000a6d00000| Complete 
|  80|0x00000000a6e00000, 0x00000000a6f00000, 0x00000000a6f00000|100%| E|CS|TAMS 0x00000000a6e00000, 0x00000000a6e00000| Complete 
|  81|0x00000000a6f00000, 0x00000000a7000000, 0x00000000a7000000|100%| E|CS|TAMS 0x00000000a6f00000, 0x00000000a6f00000| Complete 
|  82|0x00000000a7000000, 0x00000000a7100000, 0x00000000a7100000|100%| E|CS|TAMS 0x00000000a7000000, 0x00000000a7000000| Complete 
|  83|0x00000000a7100000, 0x00000000a7200000, 0x00000000a7200000|100%| E|CS|TAMS 0x00000000a7100000, 0x00000000a7100000| Complete 
|  84|0x00000000a7200000, 0x00000000a7300000, 0x00000000a7300000|100%| E|CS|TAMS 0x00000000a7200000, 0x00000000a7200000| Complete 
|  85|0x00000000a7300000, 0x00000000a7400000, 0x00000000a7400000|100%| E|CS|TAMS 0x00000000a7300000, 0x00000000a7300000| Complete 
|  86|0x00000000a7400000, 0x00000000a7500000, 0x00000000a7500000|100%| E|CS|TAMS 0x00000000a7400000, 0x00000000a7400000| Complete 
|  87|0x00000000a7500000, 0x00000000a7600000, 0x00000000a7600000|100%| E|CS|TAMS 0x00000000a7500000, 0x00000000a7500000| Complete 
|  88|0x00000000a7600000, 0x00000000a7700000, 0x00000000a7700000|100%| S|CS|TAMS 0x00000000a7600000, 0x00000000a7600000| Complete 
|  89|0x00000000a7700000, 0x00000000a7800000, 0x00000000a7800000|100%| E|CS|TAMS 0x00000000a7700000, 0x00000000a7700000| Complete 
|  90|0x00000000a7800000, 0x00000000a7900000, 0x00000000a7900000|100%| E|CS|TAMS 0x00000000a7800000, 0x00000000a7800000| Complete 
|  91|0x00000000a7900000, 0x00000000a7a00000, 0x00000000a7a00000|100%| E|  |TAMS 0x00000000a7900000, 0x00000000a7900000| Complete 
|  92|0x00000000a7a00000, 0x00000000a7b00000, 0x00000000a7b00000|100%| E|CS|TAMS 0x00000000a7a00000, 0x00000000a7a00000| Complete 
|  93|0x00000000a7b00000, 0x00000000a7c00000, 0x00000000a7c00000|100%| E|CS|TAMS 0x00000000a7b00000, 0x00000000a7b00000| Complete 
|  94|0x00000000a7c00000, 0x00000000a7d00000, 0x00000000a7d00000|100%| E|CS|TAMS 0x00000000a7c00000, 0x00000000a7c00000| Complete 
|  95|0x00000000a7d00000, 0x00000000a7e00000, 0x00000000a7e00000|100%| E|CS|TAMS 0x00000000a7d00000, 0x00000000a7d00000| Complete 

Card table byte_map: [0x000002115ce20000,0x000002115d120000] _byte_map_base: 0x000002115c911000

Marking Bits (Prev, Next): (CMBitMap*) 0x0000021149dd0cd8, (CMBitMap*) 0x0000021149dd0d10
 Prev Bits: [0x000002115d420000, 0x000002115eba8000)
 Next Bits: [0x000002115ebb0000, 0x0000021160338000)

Polling page: 0x0000021148500000

Metaspace:

Usage:
  Non-class:     13.04 MB capacity,    12.83 MB ( 98%) used,   196.33 KB (  1%) free+waste,    20.50 KB ( <1%) overhead. 
      Class:      1.76 MB capacity,     1.65 MB ( 94%) used,   105.66 KB (  6%) free+waste,    10.25 KB ( <1%) overhead. 
       Both:     14.81 MB capacity,    14.48 MB ( 98%) used,   301.99 KB (  2%) free+waste,    30.75 KB ( <1%) overhead. 

Virtual space:
  Non-class space:       16.00 MB reserved,      13.25 MB ( 83%) committed 
      Class space:        1.00 GB reserved,       1.88 MB ( <1%) committed 
             Both:        1.02 GB reserved,      15.13 MB (  1%) committed 

Chunk freelists:
   Non-Class:  19.00 KB
       Class:  20.00 KB
        Both:  39.00 KB

MaxMetaspaceSize: 17179869184.00 GB
CompressedClassSpaceSize: 1.00 GB

CodeHeap 'non-profiled nmethods': size=120064Kb used=403Kb max_used=403Kb free=119660Kb
 bounds [0x00000211551e0000, 0x0000021155450000, 0x000002115c720000]
CodeHeap 'profiled nmethods': size=120000Kb used=2228Kb max_used=2228Kb free=117771Kb
 bounds [0x000002114dcb0000, 0x000002114df20000, 0x00000211551e0000]
CodeHeap 'non-nmethods': size=5696Kb used=1089Kb max_used=1099Kb free=4607Kb
 bounds [0x000002114d720000, 0x000002114d990000, 0x000002114dcb0000]
 total_blobs=1610 nmethods=1196 adapters=327
 compilation: enabled
              stopped_count=0, restarted_count=0
 full_count=0

Compilation events (20 events):
Event: 11.555 Thread 0x000002116275d000 nmethod 1181 0x000002114ded1510 code [0x000002114ded16e0, 0x000002114ded19b8]
Event: 11.557 Thread 0x000002116275d000 1182       3       java.util.HashSet::size (8 bytes)
Event: 11.557 Thread 0x000002116275d000 nmethod 1182 0x000002114dcb0010 code [0x000002114dcb01c0, 0x000002114dcb0358]
Event: 11.559 Thread 0x000002116275d000 1183       3       java.lang.invoke.MemberName::getType (19 bytes)
Event: 11.560 Thread 0x000002116275d000 nmethod 1183 0x000002114ded1a90 code [0x000002114ded1c80, 0x000002114ded2018]
Event: 11.560 Thread 0x000002116275d000 1184       3       java.util.regex.Pattern$Node::study (21 bytes)
Event: 11.560 Thread 0x000002116275d000 nmethod 1184 0x000002114dcb1510 code [0x000002114dcb16e0, 0x000002114dcb18e8]
Event: 11.560 Thread 0x0000021162706000 1185       4       java.lang.invoke.MethodType::parameterCount (6 bytes)
Event: 11.560 Thread 0x0000021162706000 nmethod 1185 0x0000021155244910 code [0x0000021155244aa0, 0x0000021155244b18]
Event: 11.565 Thread 0x000002116275d000 1186       3       java.lang.invoke.MethodHandles$Lookup::checkSymbolicClass (24 bytes)
Event: 11.566 Thread 0x000002116275d000 nmethod 1186 0x000002114ded2190 code [0x000002114ded2460, 0x000002114ded2ff8]
Event: 11.566 Thread 0x000002116275d000 1187       3       java.lang.invoke.MethodHandles$Lookup::checkAccess (226 bytes)
Event: 11.567 Thread 0x000002116275d000 nmethod 1187 0x000002114ded3490 code [0x000002114ded3820, 0x000002114ded4dd8]
Event: 11.567 Thread 0x000002116275d000 1188       3       java.lang.invoke.MethodHandleNatives::refKindHasReceiver (33 bytes)
Event: 11.567 Thread 0x000002116275d000 nmethod 1188 0x000002114dcb8490 code [0x000002114dcb8640, 0x000002114dcb8798]
Event: 11.619 Thread 0x000002116275d000 1189       3       sun.util.locale.LocaleUtils::isUpper (18 bytes)
Event: 11.619 Thread 0x000002116275d000 nmethod 1189 0x000002114ded5490 code [0x000002114ded5640, 0x000002114ded57b8]
Event: 11.625 Thread 0x0000021162706000 1190       4       java.util.HashMap::put (13 bytes)
Event: 11.625 Thread 0x000002116275d000 1191       3       java.util.HashMap::putVal (300 bytes)
Event: 11.626 Thread 0x000002116275d000 nmethod 1191 0x000002114ded5890 code [0x000002114ded5b60, 0x000002114ded6d18]

GC Heap History (2 events):
Event: 2.369 GC heap before
{Heap before GC invocations=0 (full 0):
 garbage-first heap   total 98304K, used 6144K [0x00000000a1e00000, 0x0000000100000000)
  region size 1024K, 7 young (7168K), 0 survivors (0K)
 Metaspace       used 7385K, capacity 7513K, committed 7680K, reserved 1056768K
  class space    used 658K, capacity 714K, committed 768K, reserved 1048576K
}
Event: 2.381 GC heap after
{Heap after GC invocations=1 (full 0):
 garbage-first heap   total 98304K, used 1468K [0x00000000a1e00000, 0x0000000100000000)
  region size 1024K, 1 young (1024K), 1 survivors (1024K)
 Metaspace       used 7385K, capacity 7513K, committed 7680K, reserved 1056768K
  class space    used 658K, capacity 714K, committed 768K, reserved 1048576K
}

Deoptimization events (20 events):
Event: 6.876 Thread 0x0000021149d9b800 DEOPT PACKING pc=0x000002115522102c sp=0x0000009c150fb4a0
Event: 6.876 Thread 0x0000021149d9b800 DEOPT UNPACKING pc=0x000002114d7468a9 sp=0x0000009c150fb410 mode 2
Event: 6.876 Thread 0x0000021149d9b800 Uncommon trap: trap_request=0xffffffde fr.pc=0x00000211552156d8 relative=0x0000000000000fb8
Event: 6.876 Thread 0x0000021149d9b800 Uncommon trap: reason=class_check action=maybe_recompile pc=0x00000211552156d8 method=java.util.HashMap.putVal(ILjava/lang/Object;Ljava/lang/Object;ZZ)Ljava/lang/Object; @ 203 c2
Event: 6.876 Thread 0x0000021149d9b800 DEOPT PACKING pc=0x00000211552156d8 sp=0x0000009c150fb4c0
Event: 6.876 Thread 0x0000021149d9b800 DEOPT UNPACKING pc=0x000002114d7468a9 sp=0x0000009c150fb3e0 mode 2
Event: 11.317 Thread 0x0000021149d9b800 DEOPT PACKING pc=0x000002114dd45c51 sp=0x0000009c150fd1c0
Event: 11.317 Thread 0x0000021149d9b800 DEOPT UNPACKING pc=0x000002114d7466bf sp=0x0000009c150fc688 mode 0
Event: 11.318 Thread 0x0000021149d9b800 DEOPT PACKING pc=0x000002114dd45c51 sp=0x0000009c150fd1c0
Event: 11.318 Thread 0x0000021149d9b800 DEOPT UNPACKING pc=0x000002114d7466bf sp=0x0000009c150fc688 mode 0
Event: 11.319 Thread 0x0000021149d9b800 DEOPT PACKING pc=0x000002114dd45c51 sp=0x0000009c150fd1c0
Event: 11.319 Thread 0x0000021149d9b800 DEOPT UNPACKING pc=0x000002114d7466bf sp=0x0000009c150fc688 mode 0
Event: 11.556 Thread 0x000002116383e800 Uncommon trap: trap_request=0xffffffde fr.pc=0x00000211552156d8 relative=0x0000000000000fb8
Event: 11.556 Thread 0x000002116383e800 Uncommon trap: reason=class_check action=maybe_recompile pc=0x00000211552156d8 method=java.util.HashMap.putVal(ILjava/lang/Object;Ljava/lang/Object;ZZ)Ljava/lang/Object; @ 203 c2
Event: 11.556 Thread 0x000002116383e800 DEOPT PACKING pc=0x00000211552156d8 sp=0x0000009c166fe2d0
Event: 11.556 Thread 0x000002116383e800 DEOPT UNPACKING pc=0x000002114d7468a9 sp=0x0000009c166fe1f0 mode 2
Event: 11.556 Thread 0x000002116383e800 Uncommon trap: trap_request=0xffffffde fr.pc=0x0000021155216e9c relative=0x0000000000000efc
Event: 11.556 Thread 0x000002116383e800 Uncommon trap: reason=class_check action=maybe_recompile pc=0x0000021155216e9c method=java.util.HashMap.putVal(ILjava/lang/Object;Ljava/lang/Object;ZZ)Ljava/lang/Object; @ 203 c2
Event: 11.556 Thread 0x000002116383e800 DEOPT PACKING pc=0x0000021155216e9c sp=0x0000009c166fe1e0
Event: 11.556 Thread 0x000002116383e800 DEOPT UNPACKING pc=0x000002114d7468a9 sp=0x0000009c166fe1a0 mode 2

Classes redefined (0 events):
No events

Internal exceptions (16 events):
Event: 1.092 Thread 0x0000021149d9b800 Exception <a 'java/lang/NoSuchMethodError'{0x00000000a7c5b118}: 'int java.lang.invoke.DirectMethodHandle$Holder.invokeSpecialIFC(java.lang.Object, java.lang.Object, int)'> (0x00000000a7c5b118) thrown at [./src/hotspot/share/interpreter/linkResolver.cpp, line 773]
Event: 1.305 Thread 0x0000021149d9b800 Exception <a 'java/lang/NoSuchMethodError'{0x00000000a7bccbd0}: 'int java.lang.invoke.DirectMethodHandle$Holder.invokeStaticInit(java.lang.Object, java.lang.Object)'> (0x00000000a7bccbd0) thrown at [./src/hotspot/share/interpreter/linkResolver.cpp, line 773]
Event: 2.115 Thread 0x0000021149d9b800 Exception <a 'java/lang/NoSuchMethodError'{0x00000000a7a80ec0}: 'int java.lang.invoke.DirectMethodHandle$Holder.invokeSpecial(java.lang.Object, java.lang.Object, java.lang.Object, java.lang.Object)'> (0x00000000a7a80ec0) thrown at [./src/hotspot/share/interpreter/linkResolver.cpp, line 773]
Event: 4.954 Thread 0x0000021149d9b800 Exception <a 'java/lang/NoClassDefFoundError'{0x00000000a712a9c0}: org/slf4j/impl/StaticMarkerBinder> (0x00000000a712a9c0) thrown at [./src/hotspot/share/classfile/systemDictionary.cpp, line 220]
Event: 5.006 Thread 0x0000021149d9b800 Exception <a 'java/lang/NoSuchMethodError'{0x00000000a71bf380}: 'java.lang.Object java.lang.invoke.DirectMethodHandle$Holder.invokeVirtual(java.lang.Object, java.lang.Object, java.lang.Object, java.lang.Object, java.lang.Object)'> (0x00000000a71bf380) thrown at [./src/hotspot/share/interpreter/linkResolver.cpp, line 773]
Event: 6.185 Thread 0x0000021149d9b800 Exception <a 'java/lang/NoSuchMethodError'{0x00000000a6d5a6a0}: 'java.lang.Object java.lang.invoke.Invokers$Holder.invoker(java.lang.Object, java.lang.Object, java.lang.Object, java.lang.Object, java.lang.Object)'> (0x00000000a6d5a6a0) thrown at [./src/hotspot/share/interpreter/linkResolver.cpp, line 773]
Event: 6.189 Thread 0x0000021149d9b800 Exception <a 'java/lang/NoSuchMethodError'{0x00000000a6d6b6d8}: 'void java.lang.invoke.DelegatingMethodHandle$Holder.delegate(java.lang.Object, java.lang.Object, int, java.lang.Object)'> (0x00000000a6d6b6d8) thrown at [./src/hotspot/share/interpreter/linkResolver.cpp, line 773]
Event: 6.420 Thread 0x0000021149d9b800 Exception <a 'java/lang/NoSuchMethodError'{0x00000000a696e5d0}: 'java.lang.Object java.lang.invoke.DirectMethodHandle$Holder.invokeStaticInit(java.lang.Object, java.lang.Object, java.lang.Object)'> (0x00000000a696e5d0) thrown at [./src/hotspot/share/interpreter/linkResolver.cpp, line 773]
Event: 6.582 Thread 0x0000021149d9b800 Implicit null exception at 0x00000211552249f5 to 0x0000021155224bf0
Event: 7.070 Thread 0x0000021149d9b800 Exception <a 'java/lang/NoSuchMethodError'{0x00000000a65ce1f0}: 'java.lang.Object java.lang.invoke.DirectMethodHandle$Holder.invokeStaticInit(java.lang.Object, int, int, int, int)'> (0x00000000a65ce1f0) thrown at [./src/hotspot/share/interpreter/linkResolver.cpp, line 773]
Event: 7.960 Thread 0x0000021149d9b800 Exception <a 'java/lang/NoSuchMethodError'{0x00000000a6421930}: 'java.lang.Object java.lang.invoke.DirectMethodHandle$Holder.invokeStaticInit(java.lang.Object, java.lang.Object, int, int, int, int)'> (0x00000000a6421930) thrown at [./src/hotspot/share/interpreter/linkResolver.cpp, line 773]
Event: 11.547 Thread 0x000002116383e800 Exception <a 'java/lang/NoSuchMethodError'{0x00000000a5f8fbf0}: 'void java.lang.invoke.DirectMethodHandle$Holder.invokeStatic(java.lang.Object, long)'> (0x00000000a5f8fbf0) thrown at [./src/hotspot/share/interpreter/linkResolver.cpp, line 773]
Event: 11.547 Thread 0x000002116383e800 Exception <a 'java/lang/NoSuchMethodError'{0x00000000a5f94e40}: 'java.lang.Object java.lang.invoke.DirectMethodHandle$Holder.invokeStatic(java.lang.Object, long)'> (0x00000000a5f94e40) thrown at [./src/hotspot/share/interpreter/linkResolver.cpp, line 773]
Event: 11.550 Thread 0x000002116383e800 Exception <a 'java/lang/NoSuchMethodError'{0x00000000a5fa2ee0}: 'java.lang.Object java.lang.invoke.DirectMethodHandle$Holder.invokeStaticInit(java.lang.Object, java.lang.Object, long, java.lang.Object)'> (0x00000000a5fa2ee0) thrown at [./src/hotspot/share/interpreter/linkResolver.cpp, line 773]
Event: 11.550 Thread 0x000002116383e800 Exception <a 'java/lang/NoSuchMethodError'{0x00000000a5fa8e08}: 'java.lang.Object java.lang.invoke.DirectMethodHandle$Holder.invokeStatic(java.lang.Object, java.lang.Object, long)'> (0x00000000a5fa8e08) thrown at [./src/hotspot/share/interpreter/linkResolver.cpp, line 773]
Event: 11.551 Thread 0x000002116383e800 Exception <a 'java/lang/NoSuchMethodError'{0x00000000a5faf0d8}: 'java.lang.Object java.lang.invoke.Invokers$Holder.linkToTargetMethod(java.lang.Object, long, java.lang.Object)'> (0x00000000a5faf0d8) thrown at [./src/hotspot/share/interpreter/linkResolver.cpp, line 773]

Events (20 events):
Event: 11.614 loading class sun/util/cldr/CLDRLocaleProviderAdapter
Event: 11.618 loading class sun/util/cldr/CLDRLocaleProviderAdapter done
Event: 11.618 loading class sun/util/cldr/CLDRBaseLocaleDataMetaInfo
Event: 11.619 loading class sun/util/locale/provider/LocaleDataMetaInfo
Event: 11.619 loading class sun/util/locale/provider/LocaleDataMetaInfo done
Event: 11.619 loading class sun/util/cldr/CLDRBaseLocaleDataMetaInfo done
Event: 11.619 loading class sun/util/locale/ParseStatus
Event: 11.619 loading class sun/util/locale/ParseStatus done
Event: 11.619 loading class sun/util/locale/StringTokenIterator
Event: 11.624 loading class sun/util/locale/StringTokenIterator done
Event: 11.627 loading class sun/util/cldr/CLDRLocaleProviderAdapter$1
Event: 11.627 loading class sun/util/cldr/CLDRLocaleProviderAdapter$1 done
Event: 11.627 loading class jdk/internal/module/ModulePatcher$PatchedModuleReader
Event: 11.627 loading class jdk/internal/module/ModulePatcher$PatchedModuleReader done
Event: 11.627 Executing VM operation: RevokeBias
Event: 11.627 Executing VM operation: RevokeBias done
Event: 11.627 Executing VM operation: RevokeBias
Event: 11.627 Executing VM operation: RevokeBias done
Event: 11.627 Executing VM operation: RevokeBias
Event: 11.627 Executing VM operation: RevokeBias done


Dynamic libraries:
0x00007ff6210d0000 - 0x00007ff6210da000 	C:\Program Files\Android\Android Studio\jre\bin\java.exe
0x00007ff978cf0000 - 0x00007ff978ee5000 	C:\Windows\SYSTEM32\ntdll.dll
0x00007ff9773a0000 - 0x00007ff97745d000 	C:\Windows\System32\KERNEL32.DLL
0x00007ff9767d0000 - 0x00007ff976a99000 	C:\Windows\System32\KERNELBASE.dll
0x00007ff976ad0000 - 0x00007ff976bd0000 	C:\Windows\System32\ucrtbase.dll
0x00007ff968590000 - 0x00007ff9685a9000 	C:\Program Files\Android\Android Studio\jre\bin\jli.dll
0x00007ff9785c0000 - 0x00007ff978760000 	C:\Windows\System32\USER32.dll
0x00007ff976590000 - 0x00007ff9765b2000 	C:\Windows\System32\win32u.dll
0x00007ff978760000 - 0x00007ff97878a000 	C:\Windows\System32\GDI32.dll
0x00007ff9766c0000 - 0x00007ff9767cb000 	C:\Windows\System32\gdi32full.dll
0x00007ff976cc0000 - 0x00007ff976d5d000 	C:\Windows\System32\msvcp_win.dll
0x00007ff967f50000 - 0x00007ff967f67000 	C:\Program Files\Android\Android Studio\jre\bin\VCRUNTIME140.dll
0x00007ff9622b0000 - 0x00007ff96254a000 	C:\Windows\WinSxS\amd64_microsoft.windows.common-controls_6595b64144ccf1df_6.0.19041.1110_none_60b5254171f9507e\COMCTL32.dll
0x00007ff978790000 - 0x00007ff97882e000 	C:\Windows\System32\msvcrt.dll
0x00007ff977ed0000 - 0x00007ff977f00000 	C:\Windows\System32\IMM32.DLL
0x00007ff9677b0000 - 0x00007ff96784d000 	C:\Program Files\Android\Android Studio\jre\bin\msvcp140.dll
0x00007ff938aa0000 - 0x00007ff93955c000 	C:\Program Files\Android\Android Studio\jre\bin\server\jvm.dll
0x00007ff977260000 - 0x00007ff97730c000 	C:\Windows\System32\ADVAPI32.dll
0x00007ff9780b0000 - 0x00007ff97814b000 	C:\Windows\System32\sechost.dll
0x00007ff9781b0000 - 0x00007ff9782da000 	C:\Windows\System32\RPCRT4.dll
0x00007ff977e00000 - 0x00007ff977e08000 	C:\Windows\System32\PSAPI.DLL
0x00007ff95cbc0000 - 0x00007ff95cbc9000 	C:\Windows\SYSTEM32\WSOCK32.dll
0x00007ff978830000 - 0x00007ff97889b000 	C:\Windows\System32\WS2_32.dll
0x00007ff963b10000 - 0x00007ff963b37000 	C:\Windows\SYSTEM32\WINMM.dll
0x00007ff974280000 - 0x00007ff97428a000 	C:\Windows\SYSTEM32\VERSION.dll
0x00007ff974410000 - 0x00007ff974422000 	C:\Windows\SYSTEM32\kernel.appcore.dll
0x00007ff938a60000 - 0x00007ff938a71000 	C:\Program Files\Android\Android Studio\jre\bin\verify.dll
0x00007ff965d90000 - 0x00007ff965f74000 	C:\Windows\SYSTEM32\DBGHELP.DLL
0x00007ff965d60000 - 0x00007ff965d8c000 	C:\Windows\SYSTEM32\dbgcore.DLL
0x00007ff976c30000 - 0x00007ff976cb3000 	C:\Windows\System32\bcryptPrimitives.dll
0x00007ff938a30000 - 0x00007ff938a59000 	C:\Program Files\Android\Android Studio\jre\bin\java.dll
0x00007ff94ca30000 - 0x00007ff94ca3b000 	C:\Program Files\Android\Android Studio\jre\bin\jimage.dll
0x00007ff938a10000 - 0x00007ff938a28000 	C:\Program Files\Android\Android Studio\jre\bin\zip.dll
0x00007ff977510000 - 0x00007ff977c4f000 	C:\Windows\System32\SHELL32.dll
0x00007ff974580000 - 0x00007ff974d11000 	C:\Windows\SYSTEM32\windows.storage.dll
0x00007ff978950000 - 0x00007ff978ca5000 	C:\Windows\System32\combase.dll
0x00007ff975dd0000 - 0x00007ff975dfc000 	C:\Windows\SYSTEM32\Wldp.dll
0x00007ff977460000 - 0x00007ff97750e000 	C:\Windows\System32\SHCORE.dll
0x00007ff977e70000 - 0x00007ff977ec5000 	C:\Windows\System32\shlwapi.dll
0x00007ff976370000 - 0x00007ff97638f000 	C:\Windows\SYSTEM32\profapi.dll
0x00007ff9389f0000 - 0x00007ff938a0a000 	C:\Program Files\Android\Android Studio\jre\bin\net.dll
0x00007ff969e50000 - 0x00007ff969f5a000 	C:\Windows\SYSTEM32\WINHTTP.dll
0x00007ff975b30000 - 0x00007ff975b9a000 	C:\Windows\system32\mswsock.dll
0x00007ff9389d0000 - 0x00007ff9389e4000 	C:\Program Files\Android\Android Studio\jre\bin\nio.dll
0x00007ff9681a0000 - 0x00007ff9681c7000 	C:\Users\fenil\.gradle\native\f6784746aeab05261644944871eae4fe03e0ef1612fff0a4a95f87b438bc6780\windows-amd64\native-platform.dll
0x00007ff94c9d0000 - 0x00007ff94c9da000 	C:\Program Files\Android\Android Studio\jre\bin\management.dll
0x00007ff947480000 - 0x00007ff94748c000 	C:\Program Files\Android\Android Studio\jre\bin\management_ext.dll
0x00007ff975d20000 - 0x00007ff975d38000 	C:\Windows\SYSTEM32\CRYPTSP.dll
0x00007ff9754d0000 - 0x00007ff975504000 	C:\Windows\system32\rsaenh.dll
0x00007ff976aa0000 - 0x00007ff976ac7000 	C:\Windows\System32\bcrypt.dll
0x00007ff9762f0000 - 0x00007ff97631e000 	C:\Windows\SYSTEM32\USERENV.dll
0x00007ff975d10000 - 0x00007ff975d1c000 	C:\Windows\SYSTEM32\CRYPTBASE.dll
0x00007ff975820000 - 0x00007ff97585b000 	C:\Windows\SYSTEM32\IPHLPAPI.DLL
0x00007ff977390000 - 0x00007ff977398000 	C:\Windows\System32\NSI.dll
0x00007ff96fa20000 - 0x00007ff96fa37000 	C:\Windows\SYSTEM32\dhcpcsvc6.DLL
0x00007ff96fa00000 - 0x00007ff96fa1d000 	C:\Windows\SYSTEM32\dhcpcsvc.DLL
0x00007ff975860000 - 0x00007ff97592c000 	C:\Windows\SYSTEM32\DNSAPI.dll
0x00007ff970a40000 - 0x00007ff970a4b000 	C:\Windows\SYSTEM32\WINNSI.DLL

dbghelp: loaded successfully - version: 4.0.5 - missing functions: none
symbol engine: initialized successfully - sym options: 0x614 - pdb path: .;C:\Program Files\Android\Android Studio\jre\bin;C:\Windows\SYSTEM32;C:\Windows\WinSxS\amd64_microsoft.windows.common-controls_6595b64144ccf1df_6.0.19041.1110_none_60b5254171f9507e;C:\Program Files\Android\Android Studio\jre\bin\server;C:\Users\fenil\.gradle\native\f6784746aeab05261644944871eae4fe03e0ef1612fff0a4a95f87b438bc6780\windows-amd64

VM Arguments:
jvm_args: -Dorg.gradle.appname=gradlew 
java_command: org.gradle.wrapper.GradleWrapperMain -q -Ptarget-platform=android-arm -Ptarget=C:\GMITS\live\mightynews\lib\main.dart -Pdart-defines=Zmx1dHRlci5pbnNwZWN0b3Iuc3RydWN0dXJlZEVycm9ycz10cnVl,RkxVVFRFUl9XRUJfQVVUT19ERVRFQ1Q9dHJ1ZQ== -Pdart-obfuscation=false -Ptrack-widget-creation=true -Ptree-shake-icons=false -Pfilesystem-scheme=org-dartlang-root assembleDebug
java_class_path (initial): C:\GMITS\live\mightynews\android\\gradle\wrapper\gradle-wrapper.jar
Launcher Type: SUN_STANDARD

[Global flags]
     intx CICompilerCount                          = 2                                         {product} {ergonomic}
     uint ConcGCThreads                            = 1                                         {product} {ergonomic}
     uint G1ConcRefinementThreads                  = 2                                         {product} {ergonomic}
   size_t G1HeapRegionSize                         = 1048576                                   {product} {ergonomic}
    uintx GCDrainStackTargetSize                   = 64                                        {product} {ergonomic}
   size_t InitialHeapSize                          = 100663296                                 {product} {ergonomic}
   size_t MarkStackSize                            = 4194304                                   {product} {ergonomic}
   size_t MaxHeapSize                              = 1579155456                                {product} {ergonomic}
   size_t MaxNewSize                               = 946864128                                 {product} {ergonomic}
   size_t MinHeapDeltaBytes                        = 1048576                                   {product} {ergonomic}
    uintx NonNMethodCodeHeapSize                   = 5825164                                {pd product} {ergonomic}
    uintx NonProfiledCodeHeapSize                  = 122916538                              {pd product} {ergonomic}
    uintx ProfiledCodeHeapSize                     = 122916538                              {pd product} {ergonomic}
    uintx ReservedCodeCacheSize                    = 251658240                              {pd product} {ergonomic}
     bool SegmentedCodeCache                       = true                                      {product} {ergonomic}
     bool UseCompressedClassPointers               = true                                 {lp64_product} {ergonomic}
     bool UseCompressedOops                        = true                                 {lp64_product} {ergonomic}
     bool UseG1GC                                  = true                                      {product} {ergonomic}
     bool UseLargePagesIndividualAllocation        = false                                  {pd product} {ergonomic}

Logging:
Log output configuration:
 #0: stdout all=warning uptime,level,tags
 #1: stderr all=off uptime,level,tags

Environment Variables:
JAVA_HOME=C:\Program Files\Android\Android Studio\jre
CLASSPATH=C:\GMITS\live\mightynews\android\\gradle\wrapper\gradle-wrapper.jar
PATH=C:\Program Files (x86)\Common Files\Oracle\Java\javapath;C:\Windows\system32;C:\Windows;C:\Windows\System32\Wbem;C:\Windows\System32\WindowsPowerShell\v1.0\;C:\Windows\System32\OpenSSH\;C:\Program Files\Git\cmd;C:\flutter\bin;C:\Program Files\Java\jdk1.8.0_261\bin;C:\Program Files\Java\jre1.8.0_281\bin;C:\Users\fenil\AppData\Local\Android\Sdk\platform-tools;C:\Program Files\dotnet\;C:\GMITS\downloads\platform-tools_r31.0.2-windows\platform-tools;C:\Program Files\nodejs\;C:\Users\fenil\AppData\Local\Microsoft\WindowsApps;;C:\Users\fenil\AppData\Local\Programs\Microsoft VS Code\bin;C:\Users\fenil\.dotnet\tools;C:\Users\fenil\AppData\Roaming\npm
USERNAME=fenil
OS=Windows_NT
PROCESSOR_IDENTIFIER=Intel64 Family 6 Model 60 Stepping 3, GenuineIntel



---------------  S Y S T E M  ---------------

OS: Windows 10 , 64 bit Build 19041 (10.0.19041.1023)
OS uptime: 0 days 0:56 hours

CPU:total 2 (initial active 2) (2 cores per cpu, 1 threads per core) family 6 model 60 stepping 3, cmov, cx8, fxsr, mmx, sse, sse2, sse3, ssse3, sse4.1, sse4.2, popcnt, clmul, erms, lzcnt, tsc, tscinvbit

Memory: 4k page, system-wide physical 6019M (433M free)
TotalPageFile size 20258M (AvailPageFile size 0M)
current process WorkingSet (physical memory assigned to process): 92M, peak: 92M
current process commit charge ("private bytes"): 178M, peak: 178M

vm_info: OpenJDK 64-Bit Server VM (11.0.8+10-b944.6842174) for windows-amd64 JRE (11.0.8+10-b944.6842174), built on Sep 19 2020 01:11:42 by "builder" with MS VC++ 14.0 (VS2015)

END.
